Traceback (most recent call last):
  File "/github/home/.cache/pypoetry/virtualenvs/viam-BVXXZUuz-py3.9/lib/python3.9/site-packages/jupyter_cache/executors/utils.py", line 58, in single_nb_execution
    executenb(
  File "/github/home/.cache/pypoetry/virtualenvs/viam-BVXXZUuz-py3.9/lib/python3.9/site-packages/nbclient/client.py", line 1204, in execute
    return NotebookClient(nb=nb, resources=resources, km=km, **kwargs).execute()
  File "/github/home/.cache/pypoetry/virtualenvs/viam-BVXXZUuz-py3.9/lib/python3.9/site-packages/nbclient/util.py", line 84, in wrapped
    return just_run(coro(*args, **kwargs))
  File "/github/home/.cache/pypoetry/virtualenvs/viam-BVXXZUuz-py3.9/lib/python3.9/site-packages/nbclient/util.py", line 62, in just_run
    return loop.run_until_complete(coro)
  File "/usr/lib/python3.9/asyncio/base_events.py", line 642, in run_until_complete
    return future.result()
  File "/github/home/.cache/pypoetry/virtualenvs/viam-BVXXZUuz-py3.9/lib/python3.9/site-packages/nbclient/client.py", line 663, in async_execute
    await self.async_execute_cell(
  File "/github/home/.cache/pypoetry/virtualenvs/viam-BVXXZUuz-py3.9/lib/python3.9/site-packages/nbclient/client.py", line 965, in async_execute_cell
    await self._check_raise_for_error(cell, cell_index, exec_reply)
  File "/github/home/.cache/pypoetry/virtualenvs/viam-BVXXZUuz-py3.9/lib/python3.9/site-packages/nbclient/client.py", line 862, in _check_raise_for_error
    raise CellExecutionError.from_cell_and_msg(cell, exec_reply_content)
nbclient.exceptions.CellExecutionError: An error occurred while executing the following cell:
------------------
from viam.services.types import ServiceType

async def vision():
    vision_service = robot.get_service(ServiceType.VISION)
    detectors = await vision_service.get_detections("camera_1", "detector_1")
------------------

[0;31m---------------------------------------------------------------------------[0m
[0;31mModuleNotFoundError[0m                       Traceback (most recent call last)
Input [0;32mIn [5][0m, in [0;36m<cell line: 1>[0;34m()[0m
[0;32m----> 1[0m [38;5;28;01mfrom[39;00m [38;5;21;01mviam[39;00m[38;5;21;01m.[39;00m[38;5;21;01mservices[39;00m[38;5;21;01m.[39;00m[38;5;21;01mtypes[39;00m [38;5;28;01mimport[39;00m ServiceType
[1;32m      3[0m [38;5;28;01masync[39;00m [38;5;28;01mdef[39;00m [38;5;21mvision[39m():
[1;32m      4[0m     vision_service [38;5;241m=[39m robot[38;5;241m.[39mget_service(ServiceType[38;5;241m.[39mVISION)

[0;31mModuleNotFoundError[0m: No module named 'viam.services.types'
ModuleNotFoundError: No module named 'viam.services.types'

